<?xml version="1.0" encoding="UTF-8"?>
<testsuite errors="0" failures="0" name="Mars Rover Feature" tests="0" time="0.115000">
</testsuite>
